INFO: [VRFC 10-163] Analyzing VHDL file "/home/razgo/Documents/FPGA/FPGA_FINAL_PROJECT/CipherComm_FPGA/CipherComm_FPGA.srcs/sources_1/new/bram_fsm_controller.vhd" into library xil_defaultlib
INFO: [VRFC 10-3107] analyzing entity 'bram_fsm_controller'
INFO: [VRFC 10-163] Analyzing VHDL file "/home/razgo/Documents/FPGA/FPGA_FINAL_PROJECT/CipherComm_FPGA/CipherComm_FPGA.srcs/sources_1/new/data_reception.vhd" into library xil_defaultlib
INFO: [VRFC 10-3107] analyzing entity 'data_reception'
INFO: [VRFC 10-163] Analyzing VHDL file "/home/razgo/Documents/FPGA/FPGA_FINAL_PROJECT/CipherComm_FPGA/CipherComm_FPGA.srcs/sources_1/new/data_transmission.vhd" into library xil_defaultlib
INFO: [VRFC 10-3107] analyzing entity 'data_transmission'
INFO: [VRFC 10-163] Analyzing VHDL file "/home/razgo/Documents/FPGA/FPGA_FINAL_PROJECT/CipherComm_FPGA/CipherComm_FPGA.srcs/sources_1/new/decoding.vhd" into library xil_defaultlib
INFO: [VRFC 10-3107] analyzing entity 'decoding'
INFO: [VRFC 10-163] Analyzing VHDL file "/home/razgo/Documents/FPGA/FPGA_FINAL_PROJECT/CipherComm_FPGA/CipherComm_FPGA.srcs/sources_1/new/decryption_logic.vhd" into library xil_defaultlib
INFO: [VRFC 10-3107] analyzing entity 'decryption_logic'
INFO: [VRFC 10-163] Analyzing VHDL file "/home/razgo/Documents/FPGA/FPGA_FINAL_PROJECT/CipherComm_FPGA/CipherComm_FPGA.srcs/sources_1/new/encoder_layer.vhd" into library xil_defaultlib
INFO: [VRFC 10-3107] analyzing entity 'encoder_layer'
INFO: [VRFC 10-163] Analyzing VHDL file "/home/razgo/Documents/FPGA/FPGA_FINAL_PROJECT/CipherComm_FPGA/CipherComm_FPGA.srcs/sources_1/new/encryption_interface.vhd" into library xil_defaultlib
INFO: [VRFC 10-3107] analyzing entity 'encryption_interface'
INFO: [VRFC 10-163] Analyzing VHDL file "/home/razgo/Documents/FPGA/FPGA_FINAL_PROJECT/CipherComm_FPGA/CipherComm_FPGA.srcs/sources_1/new/encryption_logic.vhd" into library xil_defaultlib
INFO: [VRFC 10-3107] analyzing entity 'encryption_logic'
INFO: [VRFC 10-163] Analyzing VHDL file "/home/razgo/Documents/FPGA/FPGA_FINAL_PROJECT/CipherComm_FPGA/CipherComm_FPGA.srcs/sources_1/new/encryption_layer.vhd" into library xil_defaultlib
INFO: [VRFC 10-3107] analyzing entity 'encryption_layer'
INFO: [VRFC 10-163] Analyzing VHDL file "/home/razgo/Documents/FPGA/FPGA_FINAL_PROJECT/CipherComm_FPGA/CipherComm_FPGA.srcs/sources_1/new/encryption_to_fifo_bridge.vhd" into library xil_defaultlib
INFO: [VRFC 10-3107] analyzing entity 'encryption_to_fifo_bridge'
INFO: [VRFC 10-163] Analyzing VHDL file "/home/razgo/Documents/FPGA/FPGA_FINAL_PROJECT/CipherComm_FPGA/CipherComm_FPGA.srcs/sources_1/new/input_layer_top.vhd" into library xil_defaultlib
INFO: [VRFC 10-3107] analyzing entity 'input_layer_top'
INFO: [VRFC 10-163] Analyzing VHDL file "/home/razgo/Documents/FPGA/FPGA_FINAL_PROJECT/CipherComm_FPGA/CipherComm_FPGA.srcs/sources_1/new/multi_comm_input.vhd" into library xil_defaultlib
INFO: [VRFC 10-3107] analyzing entity 'multi_comm_input'
INFO: [VRFC 10-163] Analyzing VHDL file "/home/razgo/Documents/FPGA/FPGA_FINAL_PROJECT/CipherComm_FPGA/CipherComm_FPGA.srcs/sources_1/new/output_display.vhd" into library xil_defaultlib
INFO: [VRFC 10-3107] analyzing entity 'output_display'
INFO: [VRFC 10-163] Analyzing VHDL file "/home/razgo/Documents/FPGA/FPGA_FINAL_PROJECT/CipherComm_FPGA/CipherComm_FPGA.srcs/sources_1/new/scrambler.vhd" into library xil_defaultlib
INFO: [VRFC 10-3107] analyzing entity 'scrambler'
INFO: [VRFC 10-163] Analyzing VHDL file "/home/razgo/Documents/FPGA/FPGA_FINAL_PROJECT/CipherComm_FPGA/CipherComm_FPGA.srcs/sources_1/new/unscrambler.vhd" into library xil_defaultlib
INFO: [VRFC 10-3107] analyzing entity 'unscrambler'
INFO: [VRFC 10-163] Analyzing VHDL file "/home/razgo/Documents/FPGA/FPGA_FINAL_PROJECT/CipherComm_FPGA/CipherComm_FPGA.srcs/sources_1/new/top_level.vhd" into library xil_defaultlib
INFO: [VRFC 10-3107] analyzing entity 'top_level'
INFO: [VRFC 10-163] Analyzing VHDL file "/home/razgo/Documents/FPGA/FPGA_FINAL_PROJECT/CipherComm_FPGA/CipherComm_FPGA.srcs/sim_1/new/tb_top_level.vhd" into library xil_defaultlib
INFO: [VRFC 10-3107] analyzing entity 'tb_top_level'
